Using pre-set license
Built from '2020.3/staging' branch; Version is '2020.3.43f1 (75bff06b76bf) revision 7716848'; Using compiler version '192528614'; Build Type 'Release'
OS: 'Windows 11  (10.0.22621) 64bit CoreSingleLanguage' Language: 'en' Physical Memory: 8097 MB
BatchMode: 1, IsHumanControllingUs: 0, StartBugReporterOnCrash: 0, Is64bit: 1, IsPro: 0

COMMAND LINE ARGUMENTS:
C:\Program Files\Unity\Hub\Editor\2020.3.43f1\Editor\Unity.exe
-adb2
-batchMode
-noUpm
-name
AssetImportWorker0
-projectPath
C:/Users/devte/OneDrive - Maejo university/Desktop/Unity/Lab2-222
-logFile
Logs/AssetImportWorker0.log
-srvPort
56737
Successfully changed project path to: C:/Users/devte/OneDrive - Maejo university/Desktop/Unity/Lab2-222
C:/Users/devte/OneDrive - Maejo university/Desktop/Unity/Lab2-222
Using Asset Import Pipeline V2.
Refreshing native plugins compatible for Editor in 71.35 ms, found 2 plugins.
Preloading 0 native plugins for Editor in 0.00 ms.
Initialize engine version: 2020.3.43f1 (75bff06b76bf)
[Subsystems] Discovering subsystems at path C:/Program Files/Unity/Hub/Editor/2020.3.43f1/Editor/Data/Resources/UnitySubsystems
[Subsystems] Discovering subsystems at path C:/Users/devte/OneDrive - Maejo university/Desktop/Unity/Lab2-222/Assets
GfxDevice: creating device client; threaded=0
Direct3D:
    Version:  Direct3D 11.0 [level 11.1]
    Renderer: Intel(R) UHD Graphics 620 (ID=0x5917)
    Vendor:   
    VRAM:     4048 MB
    Driver:   24.20.100.6292
Initialize mono
Mono path[0] = 'C:/Program Files/Unity/Hub/Editor/2020.3.43f1/Editor/Data/Managed'
Mono path[1] = 'C:/Program Files/Unity/Hub/Editor/2020.3.43f1/Editor/Data/MonoBleedingEdge/lib/mono/unityjit'
Mono config path = 'C:/Program Files/Unity/Hub/Editor/2020.3.43f1/Editor/Data/MonoBleedingEdge/etc'
Using monoOptions --debugger-agent=transport=dt_socket,embedding=1,server=y,suspend=n,address=127.0.0.1:56740
Begin MonoManager ReloadAssembly
Registering precompiled unity dll's ...
Register platform support module: C:/Program Files/Unity/Hub/Editor/2020.3.43f1/Editor/Data/PlaybackEngines/WindowsStandaloneSupport/UnityEditor.WindowsStandalone.Extensions.dll
Registered in 0.001730 seconds.
Native extension for WindowsStandalone target not found
Refreshing native plugins compatible for Editor in 65.86 ms, found 2 plugins.
Preloading 0 native plugins for Editor in 0.00 ms.
Mono: successfully reloaded assembly
- Completed reload, in  0.706 seconds
Domain Reload Profiling:
	ReloadAssembly (706ms)
		BeginReloadAssembly (73ms)
			ExecutionOrderSort (0ms)
			DisableScriptedObjects (0ms)
			BackupInstance (0ms)
			ReleaseScriptingObjects (0ms)
			CreateAndSetChildDomain (1ms)
		EndReloadAssembly (547ms)
			LoadAssemblies (70ms)
			RebuildTransferFunctionScriptingTraits (0ms)
			SetupTypeCache (179ms)
			ReleaseScriptCaches (0ms)
			RebuildScriptCaches (42ms)
			SetupLoadedEditorAssemblies (210ms)
				LogAssemblyErrors (0ms)
				InitializePlatformSupportModulesInManaged (5ms)
				SetLoadedEditorAssemblies (0ms)
				RefreshPlugins (66ms)
				BeforeProcessingInitializeOnLoad (10ms)
				ProcessInitializeOnLoadAttributes (95ms)
				ProcessInitializeOnLoadMethodAttributes (33ms)
				AfterProcessingInitializeOnLoad (0ms)
				EditorAssembliesLoaded (0ms)
			ExecutionOrderSort2 (0ms)
			AwakeInstancesAfterBackupRestoration (0ms)
Platform modules already initialized, skipping
Registering precompiled user dll's ...
Registered in 0.004246 seconds.
Begin MonoManager ReloadAssembly
Native extension for WindowsStandalone target not found
Refreshing native plugins compatible for Editor in 67.12 ms, found 2 plugins.
Preloading 0 native plugins for Editor in 0.00 ms.
Mono: successfully reloaded assembly
- Completed reload, in  1.382 seconds
Domain Reload Profiling:
	ReloadAssembly (1383ms)
		BeginReloadAssembly (166ms)
			ExecutionOrderSort (0ms)
			DisableScriptedObjects (5ms)
			BackupInstance (0ms)
			ReleaseScriptingObjects (0ms)
			CreateAndSetChildDomain (23ms)
		EndReloadAssembly (1149ms)
			LoadAssemblies (108ms)
			RebuildTransferFunctionScriptingTraits (0ms)
			SetupTypeCache (389ms)
			ReleaseScriptCaches (1ms)
			RebuildScriptCaches (62ms)
			SetupLoadedEditorAssemblies (459ms)
				LogAssemblyErrors (0ms)
				InitializePlatformSupportModulesInManaged (4ms)
				SetLoadedEditorAssemblies (0ms)
				RefreshPlugins (67ms)
				BeforeProcessingInitializeOnLoad (98ms)
				ProcessInitializeOnLoadAttributes (267ms)
				ProcessInitializeOnLoadMethodAttributes (16ms)
				AfterProcessingInitializeOnLoad (6ms)
				EditorAssembliesLoaded (0ms)
			ExecutionOrderSort2 (0ms)
			AwakeInstancesAfterBackupRestoration (2ms)
Platform modules already initialized, skipping
========================================================================
Worker process is ready to serve import requests
Launched and connected shader compiler UnityShaderCompiler.exe after 0.05 seconds
Refreshing native plugins compatible for Editor in 0.59 ms, found 2 plugins.
Preloading 0 native plugins for Editor in 0.00 ms.
Unloading 2893 Unused Serialized files (Serialized files now loaded: 0)
System memory in use before: 131.8 MB.
System memory in use after: 132.0 MB.

Unloading 18 unused Assets to reduce memory usage. Loaded Objects now: 3341.
Total: 3.616600 ms (FindLiveObjects: 0.274300 ms CreateObjectMapping: 0.168500 ms MarkObjects: 3.051500 ms  DeleteObjects: 0.121100 ms)

AssetImportParameters requested are different than current active one (requested -> active):
  custom:framework-win-MediaFoundation: 216162199b28c13a410421893ffa2e32 -> 
  custom:video-decoder-ogg-theora: a1e56fd34408186e4bbccfd4996cb3dc -> 
  custom:container-muxer-webm: aa71ff27fc2769a1b78a27578f13a17b -> 
  custom:container-demuxer-webm: 4f35f7cbe854078d1ac9338744f61a02 -> 
  custom:container-demuxer-ogg: 62fdf1f143b41e24485cea50d1cbac27 -> 
  custom:video-encoder-webm-vp8: eb34c28f22e8b96e1ab97ce403110664 -> 
  custom:video-codec-MediaFoundation-h265: 746d11721c4dcdbdad8f713fa42b33f4 -> 
  custom:video-decoder-webm-vp8: 9c59270c3fd7afecdb556c50c9e8de78 -> 
  custom:audio-decoder-ogg-vorbis: bf7c407c2cedff20999df2af8eb42d56 -> 
  custom:audio-encoder-webm-vorbis: bf7c407c2cedff20999df2af8eb42d56 -> 
========================================================================
Received Import Request.
  path: Assets
  artifactKey: Guid(00000000000000001000000000000000) Importer(815301076,1909f56bfc062723c751e8b465ee728b)
Start importing Assets using Guid(00000000000000001000000000000000) Importer(815301076,1909f56bfc062723c751e8b465ee728b)  -> (artifact id: '42d402b061de3733987d63b9cc3b64de') in 0.020098 seconds 
========================================================================
Received Import Request.
  Time since last request: 21.082943 seconds.
  path: Assets/UniversalRenderPipelineAsset.asset
  artifactKey: Guid(24d8ff623050d254f98d46ef5236ea29) Importer(815301076,1909f56bfc062723c751e8b465ee728b)
Start importing Assets/UniversalRenderPipelineAsset.asset using Guid(24d8ff623050d254f98d46ef5236ea29) Importer(815301076,1909f56bfc062723c751e8b465ee728b)  -> (artifact id: 'f3e3189cc9c67cd9e6ec030f05add35c') in 0.075416 seconds 
========================================================================
Received Import Request.
  Time since last request: 0.000338 seconds.
  path: Assets/UniversalRenderPipelineAsset_Renderer.asset
  artifactKey: Guid(203fad0384b6e0b4bbdaacdae3d694a1) Importer(815301076,1909f56bfc062723c751e8b465ee728b)
Start importing Assets/UniversalRenderPipelineAsset_Renderer.asset using Guid(203fad0384b6e0b4bbdaacdae3d694a1) Importer(815301076,1909f56bfc062723c751e8b465ee728b)  -> (artifact id: 'ece2289454d1f3b611eee2c862c74101') in 0.033630 seconds 
========================================================================
Received Prepare
Switching render pipeline 00000000000000000000000000000000 -> 24d8ff623050d254f98d46ef5236ea29
Refreshing native plugins compatible for Editor in 3.34 ms, found 2 plugins.
Preloading 0 native plugins for Editor in 0.00 ms.
Unloading 59 Unused Serialized files (Serialized files now loaded: 0)
System memory in use before: 74.6 MB.
System memory in use after: 74.8 MB.

Unloading 11 unused Assets to reduce memory usage. Loaded Objects now: 3390.
Total: 5.126600 ms (FindLiveObjects: 0.305400 ms CreateObjectMapping: 0.180500 ms MarkObjects: 4.560000 ms  DeleteObjects: 0.079600 ms)

AssetImportParameters requested are different than current active one (requested -> active):
  custom:framework-win-MediaFoundation: 216162199b28c13a410421893ffa2e32 -> 
  custom:video-decoder-ogg-theora: a1e56fd34408186e4bbccfd4996cb3dc -> 
  custom:container-muxer-webm: aa71ff27fc2769a1b78a27578f13a17b -> 
  custom:container-demuxer-webm: 4f35f7cbe854078d1ac9338744f61a02 -> 
  custom:container-demuxer-ogg: 62fdf1f143b41e24485cea50d1cbac27 -> 
  custom:video-encoder-webm-vp8: eb34c28f22e8b96e1ab97ce403110664 -> 
  custom:video-codec-MediaFoundation-h265: 746d11721c4dcdbdad8f713fa42b33f4 -> 
  custom:video-decoder-webm-vp8: 9c59270c3fd7afecdb556c50c9e8de78 -> 
  custom:audio-decoder-ogg-vorbis: bf7c407c2cedff20999df2af8eb42d56 -> 
  custom:audio-encoder-webm-vorbis: bf7c407c2cedff20999df2af8eb42d56 -> 
========================================================================
Received Import Request.
  Time since last request: 184.614148 seconds.
  path: Assets/UniversalRenderPipelineAsset.asset
  artifactKey: Guid(24d8ff623050d254f98d46ef5236ea29) Importer(815301076,1909f56bfc062723c751e8b465ee728b)
Start importing Assets/UniversalRenderPipelineAsset.asset using Guid(24d8ff623050d254f98d46ef5236ea29) Importer(815301076,1909f56bfc062723c751e8b465ee728b)  -> (artifact id: '48b59978ea1c4edf3b1f05af0c8057ca') in 0.004772 seconds 
========================================================================
Received Import Request.
  Time since last request: 0.000347 seconds.
  path: Assets/UniversalRenderPipelineAsset_Renderer.asset
  artifactKey: Guid(203fad0384b6e0b4bbdaacdae3d694a1) Importer(815301076,1909f56bfc062723c751e8b465ee728b)
Start importing Assets/UniversalRenderPipelineAsset_Renderer.asset using Guid(203fad0384b6e0b4bbdaacdae3d694a1) Importer(815301076,1909f56bfc062723c751e8b465ee728b)  -> (artifact id: '5e595aea077d4e4cbc9a2f5714ae525a') in 0.006706 seconds 
========================================================================
Received Import Request.
  Time since last request: 16.274453 seconds.
  path: Packages/com.unity.render-pipelines.universal/Runtime/Materials/ParticlesUnlit.mat
  artifactKey: Guid(e823cd5b5d27c0f4b8256e7c12ee3e6d) Importer(815301076,1909f56bfc062723c751e8b465ee728b)
Start importing Packages/com.unity.render-pipelines.universal/Runtime/Materials/ParticlesUnlit.mat using Guid(e823cd5b5d27c0f4b8256e7c12ee3e6d) Importer(815301076,1909f56bfc062723c751e8b465ee728b)  -> (artifact id: 'e799353f98b06f4f398607e4977b5191') in 0.249231 seconds 
========================================================================
Received Import Request.
  Time since last request: 0.600610 seconds.
  path: Packages/com.unity.render-pipelines.universal/Runtime/Materials/SimpleLit.mat
  artifactKey: Guid(6a1143ee683302f4aa628c052723efc1) Importer(815301076,1909f56bfc062723c751e8b465ee728b)
Start importing Packages/com.unity.render-pipelines.universal/Runtime/Materials/SimpleLit.mat using Guid(6a1143ee683302f4aa628c052723efc1) Importer(815301076,1909f56bfc062723c751e8b465ee728b)  -> (artifact id: 'bf85bddac63e71f340a622ae341ddb6b') in 0.496036 seconds 
========================================================================
Received Import Request.
  Time since last request: 0.000456 seconds.
  path: Packages/com.unity.render-pipelines.universal/Runtime/Materials/TerrainLit.mat
  artifactKey: Guid(594ea882c5a793440b60ff72d896021e) Importer(815301076,1909f56bfc062723c751e8b465ee728b)
Start importing Packages/com.unity.render-pipelines.universal/Runtime/Materials/TerrainLit.mat using Guid(594ea882c5a793440b60ff72d896021e) Importer(815301076,1909f56bfc062723c751e8b465ee728b)  -> (artifact id: 'd585934e02a531105e7ce0c463f625bf') in 0.459395 seconds 
========================================================================
Received Import Request.
  Time since last request: 0.000484 seconds.
  path: Packages/com.unity.render-pipelines.universal/Runtime/Materials/Sprite-Unlit-Default.mat
  artifactKey: Guid(9dfc825aed78fcd4ba02077103263b40) Importer(815301076,1909f56bfc062723c751e8b465ee728b)
Start importing Packages/com.unity.render-pipelines.universal/Runtime/Materials/Sprite-Unlit-Default.mat using Guid(9dfc825aed78fcd4ba02077103263b40) Importer(815301076,1909f56bfc062723c751e8b465ee728b)  -> (artifact id: 'b15cfc1b90aac704ede251f266378fc4') in 0.074350 seconds 
========================================================================
Received Import Request.
  Time since last request: 0.000400 seconds.
  path: Assets/Stylized Environnement - Free Pack/Materials/Skybox.mat
  artifactKey: Guid(442fcf418098e4cc7be885f73f92d841) Importer(815301076,1909f56bfc062723c751e8b465ee728b)
Start importing Assets/Stylized Environnement - Free Pack/Materials/Skybox.mat using Guid(442fcf418098e4cc7be885f73f92d841) Importer(815301076,1909f56bfc062723c751e8b465ee728b)  -> (artifact id: '96d79022d6fdfa4afca36baf9309e318') in 0.046589 seconds 
========================================================================
Received Import Request.
  Time since last request: 0.000342 seconds.
  path: Packages/com.unity.render-pipelines.universal/Runtime/Materials/Sprite-Lit-Default.mat
  artifactKey: Guid(a97c105638bdf8b4a8650670310a4cd3) Importer(815301076,1909f56bfc062723c751e8b465ee728b)
Start importing Packages/com.unity.render-pipelines.universal/Runtime/Materials/Sprite-Lit-Default.mat using Guid(a97c105638bdf8b4a8650670310a4cd3) Importer(815301076,1909f56bfc062723c751e8b465ee728b)  -> (artifact id: '3bd6f710c754b51c7745aa06d797fbe4') in 0.026113 seconds 
========================================================================
Received Import Request.
  Time since last request: 45.406683 seconds.
  path: Assets/Stylized Environnement - Free Pack/Prefabs/Terrain/Terrain.asset
  artifactKey: Guid(33528c1c000c34d8494f801978f6fa94) Importer(815301076,1909f56bfc062723c751e8b465ee728b)
Start importing Assets/Stylized Environnement - Free Pack/Prefabs/Terrain/Terrain.asset using Guid(33528c1c000c34d8494f801978f6fa94) Importer(815301076,1909f56bfc062723c751e8b465ee728b) The tree tree_01 couldn't be instanced because the prefab contains no valid mesh renderer.
 -> (artifact id: '1a89f15142b5e6e2a4d4ffaf3b9218e4') in 0.100139 seconds 
========================================================================
Received Import Request.
  Time since last request: 35.688811 seconds.
  path: Packages/com.unity.render-pipelines.universal/Runtime/Data/ForwardRendererData.asset
  artifactKey: Guid(618d298269e66c542b306de85db1faea) Importer(815301076,1909f56bfc062723c751e8b465ee728b)
Start importing Packages/com.unity.render-pipelines.universal/Runtime/Data/ForwardRendererData.asset using Guid(618d298269e66c542b306de85db1faea) Importer(815301076,1909f56bfc062723c751e8b465ee728b)  -> (artifact id: '7c90b96ed785fa31239c2331427e1441') in 0.012730 seconds 
========================================================================
Received Import Request.
  Time since last request: 6.315825 seconds.
  path: Packages/com.unity.render-pipelines.universal/Runtime/Data/PostProcessData.asset
  artifactKey: Guid(41439944d30ece34e96484bdb6645b55) Importer(815301076,1909f56bfc062723c751e8b465ee728b)
Start importing Packages/com.unity.render-pipelines.universal/Runtime/Data/PostProcessData.asset using Guid(41439944d30ece34e96484bdb6645b55) Importer(815301076,1909f56bfc062723c751e8b465ee728b)  -> (artifact id: '1bf0e9cb34d6d7a49fa8d49683b11a15') in 0.007863 seconds 
========================================================================
Received Import Request.
  Time since last request: 0.017535 seconds.
  path: Packages/com.unity.render-pipelines.universal/Runtime/Data/UniversalRenderPipelineEditorResources.asset
  artifactKey: Guid(a3d8d823eedde654bb4c11a1cfaf1abb) Importer(815301076,1909f56bfc062723c751e8b465ee728b)
Start importing Packages/com.unity.render-pipelines.universal/Runtime/Data/UniversalRenderPipelineEditorResources.asset using Guid(a3d8d823eedde654bb4c11a1cfaf1abb) Importer(815301076,1909f56bfc062723c751e8b465ee728b)  -> (artifact id: 'dd640e97d5c48b7def0fe0f5bb025959') in 0.017013 seconds 
========================================================================
Received Import Request.
  Time since last request: 0.000447 seconds.
  path: Packages/com.unity.render-pipelines.universal/Runtime/Data/XRSystemData.asset
  artifactKey: Guid(60e1133243b97e347b653163a8c01b64) Importer(815301076,1909f56bfc062723c751e8b465ee728b)
Start importing Packages/com.unity.render-pipelines.universal/Runtime/Data/XRSystemData.asset using Guid(60e1133243b97e347b653163a8c01b64) Importer(815301076,1909f56bfc062723c751e8b465ee728b)  -> (artifact id: 'd9d486ed52bbb14bff0cb87a06e21323') in 0.010159 seconds 
========================================================================
Received Import Request.
  Time since last request: 174.623685 seconds.
  path: Assets/UniversalRenderPipelineAsset.asset
  artifactKey: Guid(24d8ff623050d254f98d46ef5236ea29) Importer(815301076,1909f56bfc062723c751e8b465ee728b)
Start importing Assets/UniversalRenderPipelineAsset.asset using Guid(24d8ff623050d254f98d46ef5236ea29) Importer(815301076,1909f56bfc062723c751e8b465ee728b)  -> (artifact id: '2edc2473a287b8c5fa20deefc03d8e00') in 0.010943 seconds 
========================================================================
Received Import Request.
  Time since last request: 0.000815 seconds.
  path: Assets/UniversalRenderPipelineAsset_Renderer.asset
  artifactKey: Guid(203fad0384b6e0b4bbdaacdae3d694a1) Importer(815301076,1909f56bfc062723c751e8b465ee728b)
Start importing Assets/UniversalRenderPipelineAsset_Renderer.asset using Guid(203fad0384b6e0b4bbdaacdae3d694a1) Importer(815301076,1909f56bfc062723c751e8b465ee728b)  -> (artifact id: '55528143ced0853b362ca94de1c0bbd3') in 0.005653 seconds 
========================================================================
Received Import Request.
  Time since last request: 145.431672 seconds.
  path: Assets/StylizedWater.shadersubgraph
  artifactKey: Guid(d442eb9f3e385e74596e63bdbb139359) Importer(815301076,1909f56bfc062723c751e8b465ee728b)
Start importing Assets/StylizedWater.shadersubgraph using Guid(d442eb9f3e385e74596e63bdbb139359) Importer(815301076,1909f56bfc062723c751e8b465ee728b)  -> (artifact id: '87e56a37da5b6b39412a6fa5a3588306') in 0.015707 seconds 
========================================================================
Received Import Request.
  Time since last request: 51.874758 seconds.
  path: Assets/DepthFade.shadersubgraph
  artifactKey: Guid(bed841fa71af1894787054df43e10f44) Importer(815301076,1909f56bfc062723c751e8b465ee728b)
Start importing Assets/DepthFade.shadersubgraph using Guid(bed841fa71af1894787054df43e10f44) Importer(815301076,1909f56bfc062723c751e8b465ee728b)  -> (artifact id: '286c4e83b1e6b6bd564f29ba8ba7f980') in 0.009309 seconds 
========================================================================
Received Import Request.
  Time since last request: 150.409723 seconds.
  path: Assets/DepthFade.shadersubgraph
  artifactKey: Guid(bed841fa71af1894787054df43e10f44) Importer(815301076,1909f56bfc062723c751e8b465ee728b)
Start importing Assets/DepthFade.shadersubgraph using Guid(bed841fa71af1894787054df43e10f44) Importer(815301076,1909f56bfc062723c751e8b465ee728b)  -> (artifact id: '6d07d70a78951e1cb9a240c73a657605') in 0.008817 seconds 
========================================================================
Received Import Request.
  Time since last request: 24.291090 seconds.
  path: Assets/StylizedWater.shadergraph
  artifactKey: Guid(408b20c2fbec2db4abece5d221b0df37) Importer(815301076,1909f56bfc062723c751e8b465ee728b)
Start importing Assets/StylizedWater.shadergraph using Guid(408b20c2fbec2db4abece5d221b0df37) Importer(815301076,1909f56bfc062723c751e8b465ee728b)  -> (artifact id: 'dd80824400a6fefd49617eae7ca0e448') in 0.009976 seconds 
========================================================================
Received Import Request.
  Time since last request: 61.586146 seconds.
  path: Assets/StylizedWater.shadergraph
  artifactKey: Guid(408b20c2fbec2db4abece5d221b0df37) Importer(815301076,1909f56bfc062723c751e8b465ee728b)
Start importing Assets/StylizedWater.shadergraph using Guid(408b20c2fbec2db4abece5d221b0df37) Importer(815301076,1909f56bfc062723c751e8b465ee728b)  -> (artifact id: '9c7ca0b6f1624a24636eb341bc53beab') in 0.005865 seconds 
========================================================================
Received Import Request.
  Time since last request: 23.437481 seconds.
  path: Assets/StylizedWater.mat
  artifactKey: Guid(397269129865d84448dd23626464db25) Importer(815301076,1909f56bfc062723c751e8b465ee728b)
Start importing Assets/StylizedWater.mat using Guid(397269129865d84448dd23626464db25) Importer(815301076,1909f56bfc062723c751e8b465ee728b)  -> (artifact id: 'aa7594e0bc812f48a2f6bd3797f9ce79') in 0.070505 seconds 
========================================================================
Received Import Request.
  Time since last request: 89.704035 seconds.
  path: Assets/StylizedWater.mat
  artifactKey: Guid(397269129865d84448dd23626464db25) Importer(815301076,1909f56bfc062723c751e8b465ee728b)
Start importing Assets/StylizedWater.mat using Guid(397269129865d84448dd23626464db25) Importer(815301076,1909f56bfc062723c751e8b465ee728b)  -> (artifact id: 'ac70f8bb17afa0dc943906c3616c61ba') in 0.043466 seconds 
========================================================================
Received Import Request.
  Time since last request: 0.990313 seconds.
  path: Assets/StylizedWater.mat
  artifactKey: Guid(397269129865d84448dd23626464db25) Importer(815301076,1909f56bfc062723c751e8b465ee728b)
Start importing Assets/StylizedWater.mat using Guid(397269129865d84448dd23626464db25) Importer(815301076,1909f56bfc062723c751e8b465ee728b)  -> (artifact id: '14bed6bbf2e12aadeb70b136685aa0f0') in 0.489147 seconds 
========================================================================
Received Import Request.
  Time since last request: 0.000369 seconds.
  path: Assets/StylizedWater.shadergraph
  artifactKey: Guid(408b20c2fbec2db4abece5d221b0df37) Importer(815301076,1909f56bfc062723c751e8b465ee728b)
Start importing Assets/StylizedWater.shadergraph using Guid(408b20c2fbec2db4abece5d221b0df37) Importer(815301076,1909f56bfc062723c751e8b465ee728b)  -> (artifact id: '4c5e3b3580b55e2ecc584b64965b765e') in 0.005542 seconds 
========================================================================
Received Import Request.
  Time since last request: 33.451210 seconds.
  path: Assets/Movement.shadersubgraph
  artifactKey: Guid(3a5864dd856fcad44af83612de7cc366) Importer(815301076,1909f56bfc062723c751e8b465ee728b)
Start importing Assets/Movement.shadersubgraph using Guid(3a5864dd856fcad44af83612de7cc366) Importer(815301076,1909f56bfc062723c751e8b465ee728b)  -> (artifact id: 'a088ff5f82e1a91591ec1a0e5136f7b5') in 0.008752 seconds 
========================================================================
Received Import Request.
  Time since last request: 98.255383 seconds.
  path: Assets/Movement.shadersubgraph
  artifactKey: Guid(3a5864dd856fcad44af83612de7cc366) Importer(815301076,1909f56bfc062723c751e8b465ee728b)
Start importing Assets/Movement.shadersubgraph using Guid(3a5864dd856fcad44af83612de7cc366) Importer(815301076,1909f56bfc062723c751e8b465ee728b)  -> (artifact id: '909cf93230d3768ebdff6dc774cd1c3d') in 0.014779 seconds 
========================================================================
Received Import Request.
  Time since last request: 285.875794 seconds.
  path: Assets/StylizedWater.mat
  artifactKey: Guid(397269129865d84448dd23626464db25) Importer(815301076,1909f56bfc062723c751e8b465ee728b)
Start importing Assets/StylizedWater.mat using Guid(397269129865d84448dd23626464db25) Importer(815301076,1909f56bfc062723c751e8b465ee728b)  -> (artifact id: 'cc144abd0d20f64d5163c3fed930c666') in 1.620741 seconds 
========================================================================
Received Import Request.
  Time since last request: 40.782802 seconds.
  path: Assets/StylizedWater.mat
  artifactKey: Guid(397269129865d84448dd23626464db25) Importer(815301076,1909f56bfc062723c751e8b465ee728b)
Start importing Assets/StylizedWater.mat using Guid(397269129865d84448dd23626464db25) Importer(815301076,1909f56bfc062723c751e8b465ee728b)  -> (artifact id: 'f0fb786748b707002ba1613565eec5d4') in 0.111768 seconds 
========================================================================
Received Import Request.
  Time since last request: 57.464991 seconds.
  path: Assets/StylizedWater.shadergraph
  artifactKey: Guid(408b20c2fbec2db4abece5d221b0df37) Importer(815301076,1909f56bfc062723c751e8b465ee728b)
Start importing Assets/StylizedWater.shadergraph using Guid(408b20c2fbec2db4abece5d221b0df37) Importer(815301076,1909f56bfc062723c751e8b465ee728b)  -> (artifact id: '9134f6faf4a494d86a047b2c042887d2') in 0.008957 seconds 
========================================================================
Received Import Request.
  Time since last request: 7.951388 seconds.
  path: Assets/StylizedWater.mat
  artifactKey: Guid(397269129865d84448dd23626464db25) Importer(815301076,1909f56bfc062723c751e8b465ee728b)
Start importing Assets/StylizedWater.mat using Guid(397269129865d84448dd23626464db25) Importer(815301076,1909f56bfc062723c751e8b465ee728b)  -> (artifact id: 'c6af2901234017e1ea048ad103e34560') in 0.051676 seconds 
========================================================================
Received Prepare
Registering precompiled user dll's ...
Registered in 0.006529 seconds.
Begin MonoManager ReloadAssembly
Native extension for WindowsStandalone target not found
Refreshing native plugins compatible for Editor in 1.20 ms, found 2 plugins.
Preloading 0 native plugins for Editor in 0.00 ms.
Mono: successfully reloaded assembly
- Completed reload, in  2.056 seconds
Domain Reload Profiling:
	ReloadAssembly (2057ms)
		BeginReloadAssembly (269ms)
			ExecutionOrderSort (0ms)
			DisableScriptedObjects (14ms)
			BackupInstance (0ms)
			ReleaseScriptingObjects (0ms)
			CreateAndSetChildDomain (96ms)
		EndReloadAssembly (1688ms)
			LoadAssemblies (202ms)
			RebuildTransferFunctionScriptingTraits (0ms)
			SetupTypeCache (554ms)
			ReleaseScriptCaches (2ms)
			RebuildScriptCaches (67ms)
			SetupLoadedEditorAssemblies (580ms)
				LogAssemblyErrors (0ms)
				InitializePlatformSupportModulesInManaged (11ms)
				SetLoadedEditorAssemblies (1ms)
				RefreshPlugins (1ms)
				BeforeProcessingInitializeOnLoad (143ms)
				ProcessInitializeOnLoadAttributes (390ms)
				ProcessInitializeOnLoadMethodAttributes (24ms)
				AfterProcessingInitializeOnLoad (8ms)
				EditorAssembliesLoaded (0ms)
			ExecutionOrderSort2 (0ms)
			AwakeInstancesAfterBackupRestoration (24ms)
Platform modules already initialized, skipping
Refreshing native plugins compatible for Editor in 1.57 ms, found 2 plugins.
Preloading 0 native plugins for Editor in 0.00 ms.
Unloading 2844 Unused Serialized files (Serialized files now loaded: 0)
System memory in use before: 137.3 MB.
System memory in use after: 137.5 MB.

Unloading 13 unused Assets to reduce memory usage. Loaded Objects now: 3486.
Total: 8.423400 ms (FindLiveObjects: 0.551100 ms CreateObjectMapping: 0.805400 ms MarkObjects: 6.838200 ms  DeleteObjects: 0.226000 ms)

AssetImportParameters requested are different than current active one (requested -> active):
  custom:framework-win-MediaFoundation: 216162199b28c13a410421893ffa2e32 -> 
  custom:video-decoder-ogg-theora: a1e56fd34408186e4bbccfd4996cb3dc -> 
  custom:container-muxer-webm: aa71ff27fc2769a1b78a27578f13a17b -> 
  custom:container-demuxer-webm: 4f35f7cbe854078d1ac9338744f61a02 -> 
  custom:container-demuxer-ogg: 62fdf1f143b41e24485cea50d1cbac27 -> 
  custom:video-encoder-webm-vp8: eb34c28f22e8b96e1ab97ce403110664 -> 
  custom:video-codec-MediaFoundation-h265: 746d11721c4dcdbdad8f713fa42b33f4 -> 
  custom:video-decoder-webm-vp8: 9c59270c3fd7afecdb556c50c9e8de78 -> 
  custom:audio-decoder-ogg-vorbis: bf7c407c2cedff20999df2af8eb42d56 -> 
  custom:audio-encoder-webm-vorbis: bf7c407c2cedff20999df2af8eb42d56 -> 
========================================================================
Received Import Request.
  Time since last request: 118.584115 seconds.
  path: Assets/StylizedWater.shadergraph
  artifactKey: Guid(408b20c2fbec2db4abece5d221b0df37) Importer(815301076,1909f56bfc062723c751e8b465ee728b)
Start importing Assets/StylizedWater.shadergraph using Guid(408b20c2fbec2db4abece5d221b0df37) Importer(815301076,1909f56bfc062723c751e8b465ee728b)  -> (artifact id: '5496622e74ee125bc3585b52b5e46916') in 0.044633 seconds 
========================================================================
Received Import Request.
  Time since last request: 689.157895 seconds.
  path: Assets/StylizedWater.shadergraph
  artifactKey: Guid(408b20c2fbec2db4abece5d221b0df37) Importer(815301076,1909f56bfc062723c751e8b465ee728b)
Start importing Assets/StylizedWater.shadergraph using Guid(408b20c2fbec2db4abece5d221b0df37) Importer(815301076,1909f56bfc062723c751e8b465ee728b)  -> (artifact id: '6c5c1929c8e8ed2cf5c88ce89689110e') in 0.005689 seconds 
========================================================================
Received Import Request.
  Time since last request: 15.370476 seconds.
  path: Assets/StylizedWater.shadergraph
  artifactKey: Guid(408b20c2fbec2db4abece5d221b0df37) Importer(815301076,1909f56bfc062723c751e8b465ee728b)
Start importing Assets/StylizedWater.shadergraph using Guid(408b20c2fbec2db4abece5d221b0df37) Importer(815301076,1909f56bfc062723c751e8b465ee728b)  -> (artifact id: '813e73d0c601ffb54b26101dab62879d') in 0.010380 seconds 
========================================================================
Received Import Request.
  Time since last request: 340.998420 seconds.
  path: Assets/StylizedWater.shadergraph
  artifactKey: Guid(408b20c2fbec2db4abece5d221b0df37) Importer(815301076,1909f56bfc062723c751e8b465ee728b)
Start importing Assets/StylizedWater.shadergraph using Guid(408b20c2fbec2db4abece5d221b0df37) Importer(815301076,1909f56bfc062723c751e8b465ee728b)  -> (artifact id: 'b91f437eaadaf7bfce1e7dfb9bdebadc') in 0.093404 seconds 
========================================================================
Received Import Request.
  Time since last request: 31.663362 seconds.
  path: Assets/StylizedWater.mat
  artifactKey: Guid(397269129865d84448dd23626464db25) Importer(815301076,1909f56bfc062723c751e8b465ee728b)
Start importing Assets/StylizedWater.mat using Guid(397269129865d84448dd23626464db25) Importer(815301076,1909f56bfc062723c751e8b465ee728b)  -> (artifact id: 'de8784f1a5c80a98100ba9baff033b87') in 0.334295 seconds 
========================================================================
Received Import Request.
  Time since last request: 155.967316 seconds.
  path: Assets/StylizedWater.mat
  artifactKey: Guid(397269129865d84448dd23626464db25) Importer(815301076,1909f56bfc062723c751e8b465ee728b)
Start importing Assets/StylizedWater.mat using Guid(397269129865d84448dd23626464db25) Importer(815301076,1909f56bfc062723c751e8b465ee728b)  -> (artifact id: 'e4f6ed03296f4511ff502918a6dc2a89') in 0.019075 seconds 
========================================================================
Received Import Request.
  Time since last request: 0.000524 seconds.
  path: Assets/StylizedWater.shadergraph
  artifactKey: Guid(408b20c2fbec2db4abece5d221b0df37) Importer(815301076,1909f56bfc062723c751e8b465ee728b)
Start importing Assets/StylizedWater.shadergraph using Guid(408b20c2fbec2db4abece5d221b0df37) Importer(815301076,1909f56bfc062723c751e8b465ee728b)  -> (artifact id: 'faad602fcd3c42dbfa81911869eca02c') in 0.005681 seconds 
========================================================================
Received Import Request.
  Time since last request: 53.107062 seconds.
  path: Assets/StylizedWater.shadergraph
  artifactKey: Guid(408b20c2fbec2db4abece5d221b0df37) Importer(815301076,1909f56bfc062723c751e8b465ee728b)
Start importing Assets/StylizedWater.shadergraph using Guid(408b20c2fbec2db4abece5d221b0df37) Importer(815301076,1909f56bfc062723c751e8b465ee728b)  -> (artifact id: '2207e9f06b70d278b6125b6ef56dca4d') in 0.006165 seconds 
========================================================================
Received Import Request.
  Time since last request: 312.492642 seconds.
  path: Assets/StylizedWater.shadergraph
  artifactKey: Guid(408b20c2fbec2db4abece5d221b0df37) Importer(815301076,1909f56bfc062723c751e8b465ee728b)
Start importing Assets/StylizedWater.shadergraph using Guid(408b20c2fbec2db4abece5d221b0df37) Importer(815301076,1909f56bfc062723c751e8b465ee728b)  -> (artifact id: '6fb890ea02b461c7e29cbed9cf301188') in 0.005720 seconds 
========================================================================
Received Import Request.
  Time since last request: 45.287537 seconds.
  path: Assets/StylizedWater.shadergraph
  artifactKey: Guid(408b20c2fbec2db4abece5d221b0df37) Importer(815301076,1909f56bfc062723c751e8b465ee728b)
Start importing Assets/StylizedWater.shadergraph using Guid(408b20c2fbec2db4abece5d221b0df37) Importer(815301076,1909f56bfc062723c751e8b465ee728b)  -> (artifact id: 'c6112ccbae9c5abccc26b838ff82fdb8') in 0.004214 seconds 
========================================================================
Received Import Request.
  Time since last request: 67.363219 seconds.
  path: Assets/StylizedWater.shadergraph
  artifactKey: Guid(408b20c2fbec2db4abece5d221b0df37) Importer(815301076,1909f56bfc062723c751e8b465ee728b)
Start importing Assets/StylizedWater.shadergraph using Guid(408b20c2fbec2db4abece5d221b0df37) Importer(815301076,1909f56bfc062723c751e8b465ee728b)  -> (artifact id: '954db765c3ff4f59e7eb48b8112db01e') in 0.005148 seconds 
========================================================================
Received Import Request.
  Time since last request: 212.427951 seconds.
  path: Assets/StylizedWater.shadergraph
  artifactKey: Guid(408b20c2fbec2db4abece5d221b0df37) Importer(815301076,1909f56bfc062723c751e8b465ee728b)
Start importing Assets/StylizedWater.shadergraph using Guid(408b20c2fbec2db4abece5d221b0df37) Importer(815301076,1909f56bfc062723c751e8b465ee728b)  -> (artifact id: '94de39ad448223da2e59ab6b21949619') in 0.008268 seconds 
========================================================================
Received Import Request.
  Time since last request: 2.230814 seconds.
  path: Assets/StylizedWater.mat
  artifactKey: Guid(397269129865d84448dd23626464db25) Importer(815301076,1909f56bfc062723c751e8b465ee728b)
Start importing Assets/StylizedWater.mat using Guid(397269129865d84448dd23626464db25) Importer(815301076,1909f56bfc062723c751e8b465ee728b)  -> (artifact id: '1a6e79305e7d69323b9ed6b9105210dd') in 0.024547 seconds 
========================================================================
Received Import Request.
  Time since last request: 55.584410 seconds.
  path: Assets/StylizedWater.mat
  artifactKey: Guid(397269129865d84448dd23626464db25) Importer(815301076,1909f56bfc062723c751e8b465ee728b)
Start importing Assets/StylizedWater.mat using Guid(397269129865d84448dd23626464db25) Importer(815301076,1909f56bfc062723c751e8b465ee728b)  -> (artifact id: '30cc827eb5e88eb22ac9e096340a5458') in 0.028041 seconds 
========================================================================
Received Import Request.
  Time since last request: 330.616625 seconds.
  path: Assets/Aj@Swimming To Edge.fbx
  artifactKey: Guid(28f91d0720de466418d7d28728fb561c) Importer(815301076,1909f56bfc062723c751e8b465ee728b)
Start importing Assets/Aj@Swimming To Edge.fbx using Guid(28f91d0720de466418d7d28728fb561c) Importer(815301076,1909f56bfc062723c751e8b465ee728b)  -> (artifact id: '975c1dc6897c120437e372d035caeb68') in 1.391286 seconds 
========================================================================
Received Import Request.
  Time since last request: 91.643544 seconds.
  path: Assets/Aj@Swimming To Edge 1.fbx
  artifactKey: Guid(919c08480f2454d469a73d69f99c1904) Importer(815301076,1909f56bfc062723c751e8b465ee728b)
Start importing Assets/Aj@Swimming To Edge 1.fbx using Guid(919c08480f2454d469a73d69f99c1904) Importer(815301076,1909f56bfc062723c751e8b465ee728b)  -> (artifact id: 'c6b72bfc2b1b01d7ef14e748858fa4a8') in 0.763750 seconds 
========================================================================
Received Import Request.
  Time since last request: 127.364661 seconds.
  path: Assets/Aj@Swimming To Edge.fbx
  artifactKey: Guid(28f91d0720de466418d7d28728fb561c) Importer(815301076,1909f56bfc062723c751e8b465ee728b)
Start importing Assets/Aj@Swimming To Edge.fbx using Guid(28f91d0720de466418d7d28728fb561c) Importer(815301076,1909f56bfc062723c751e8b465ee728b)  -> (artifact id: 'be38265fa530f4782480e98919215af1') in 0.118845 seconds 
========================================================================
Received Import Request.
  Time since last request: 4.249535 seconds.
  path: Assets/Stylized Environnement - Free Pack/Materials/crystal_01_M.mat
  artifactKey: Guid(393305ce71db44faa9c0d249c1e64205) Importer(815301076,1909f56bfc062723c751e8b465ee728b)
Start importing Assets/Stylized Environnement - Free Pack/Materials/crystal_01_M.mat using Guid(393305ce71db44faa9c0d249c1e64205) Importer(815301076,1909f56bfc062723c751e8b465ee728b)  -> (artifact id: '7d06a0e011a46d39dd628281be41c7bb') in 0.446073 seconds 
========================================================================
Received Import Request.
  Time since last request: 0.000407 seconds.
  path: Packages/com.unity.searcher/Editor/Resources/FlatSkin/Font/Roboto-BoldItalic.ttf
  artifactKey: Guid(dfb97a9307a577a41bcacba34b9a7e32) Importer(815301076,1909f56bfc062723c751e8b465ee728b)
Start importing Packages/com.unity.searcher/Editor/Resources/FlatSkin/Font/Roboto-BoldItalic.ttf using Guid(dfb97a9307a577a41bcacba34b9a7e32) Importer(815301076,1909f56bfc062723c751e8b465ee728b)  -> (artifact id: 'e2f653bd994fa752e6e8c2accd9b5b55') in 0.069763 seconds 
========================================================================
Received Import Request.
  Time since last request: 0.000420 seconds.
  path: Packages/com.unity.searcher/Editor/Resources/FlatSkin/Font/Roboto-Thin.ttf
  artifactKey: Guid(19a9abb883540be48b75b951a927ae03) Importer(815301076,1909f56bfc062723c751e8b465ee728b)
Start importing Packages/com.unity.searcher/Editor/Resources/FlatSkin/Font/Roboto-Thin.ttf using Guid(19a9abb883540be48b75b951a927ae03) Importer(815301076,1909f56bfc062723c751e8b465ee728b)  -> (artifact id: 'b0d7a3e42e7b7654933860381d06551d') in 0.041503 seconds 
========================================================================
Received Import Request.
  Time since last request: 0.000516 seconds.
  path: Packages/com.unity.searcher/Editor/Resources/FlatSkin/Font/Roboto-MediumItalic.ttf
  artifactKey: Guid(d93c1bc57fdf1ac4dad1bf04fac05464) Importer(815301076,1909f56bfc062723c751e8b465ee728b)
Start importing Packages/com.unity.searcher/Editor/Resources/FlatSkin/Font/Roboto-MediumItalic.ttf using Guid(d93c1bc57fdf1ac4dad1bf04fac05464) Importer(815301076,1909f56bfc062723c751e8b465ee728b)  -> (artifact id: '302243d709d195f71fe1b9ab602c2d98') in 0.038991 seconds 
========================================================================
Received Import Request.
  Time since last request: 0.000302 seconds.
  path: Packages/com.unity.searcher/Editor/Resources/FlatSkin/Font/Roboto-Bold.ttf
  artifactKey: Guid(3750c318f40cab44a97d3a81beaefeb3) Importer(815301076,1909f56bfc062723c751e8b465ee728b)
Start importing Packages/com.unity.searcher/Editor/Resources/FlatSkin/Font/Roboto-Bold.ttf using Guid(3750c318f40cab44a97d3a81beaefeb3) Importer(815301076,1909f56bfc062723c751e8b465ee728b)  -> (artifact id: '674f9172369f40ce6dad87a06e0aa39c') in 0.037100 seconds 
========================================================================
Received Import Request.
  Time since last request: 0.000499 seconds.
  path: Packages/com.unity.searcher/Editor/Resources/FlatSkin/Font/Roboto-Italic.ttf
  artifactKey: Guid(c839255fc8f6b4b4d90bf8c1af9f9bd1) Importer(815301076,1909f56bfc062723c751e8b465ee728b)
Start importing Packages/com.unity.searcher/Editor/Resources/FlatSkin/Font/Roboto-Italic.ttf using Guid(c839255fc8f6b4b4d90bf8c1af9f9bd1) Importer(815301076,1909f56bfc062723c751e8b465ee728b)  -> (artifact id: '18515a78c9f4e44bbb5d7645467b2a7a') in 0.035547 seconds 
========================================================================
Received Import Request.
  Time since last request: 0.000638 seconds.
  path: Packages/com.unity.searcher/Editor/Resources/FlatSkin/Font/Roboto-ThinItalic.ttf
  artifactKey: Guid(b2ea3b3f1765e544b9eb5bd1a93a91ce) Importer(815301076,1909f56bfc062723c751e8b465ee728b)
Start importing Packages/com.unity.searcher/Editor/Resources/FlatSkin/Font/Roboto-ThinItalic.ttf using Guid(b2ea3b3f1765e544b9eb5bd1a93a91ce) Importer(815301076,1909f56bfc062723c751e8b465ee728b)  -> (artifact id: '4921c9c9365e246644460664958d050e') in 0.039632 seconds 
========================================================================
Received Import Request.
  Time since last request: 0.000849 seconds.
  path: Packages/com.unity.searcher/Editor/Resources/FlatSkin/Font/Roboto-Regular.ttf
  artifactKey: Guid(30dc370b164eefc43b95744fc796dad0) Importer(815301076,1909f56bfc062723c751e8b465ee728b)
Start importing Packages/com.unity.searcher/Editor/Resources/FlatSkin/Font/Roboto-Regular.ttf using Guid(30dc370b164eefc43b95744fc796dad0) Importer(815301076,1909f56bfc062723c751e8b465ee728b)  -> (artifact id: '08e742ea6e5ab7f8258dca694d8f77e3') in 0.035362 seconds 
========================================================================
Received Import Request.
  Time since last request: 0.000354 seconds.
  path: Assets/Stylized Environnement - Free Pack/Materials/foliage_M.mat
  artifactKey: Guid(b2523a93ede2c4e818a99784887441a5) Importer(815301076,1909f56bfc062723c751e8b465ee728b)
Start importing Assets/Stylized Environnement - Free Pack/Materials/foliage_M.mat using Guid(b2523a93ede2c4e818a99784887441a5) Importer(815301076,1909f56bfc062723c751e8b465ee728b)  -> (artifact id: '78e3fba5d47ecfabf9c4a06e58e9af1f') in 0.526232 seconds 
========================================================================
Received Import Request.
  Time since last request: 0.000421 seconds.
  path: Packages/com.unity.searcher/Editor/Resources/FlatSkin/Font/Roboto-BlackItalic.ttf
  artifactKey: Guid(f95147a9bab9fe649b8070170fa7ebd2) Importer(815301076,1909f56bfc062723c751e8b465ee728b)
Start importing Packages/com.unity.searcher/Editor/Resources/FlatSkin/Font/Roboto-BlackItalic.ttf using Guid(f95147a9bab9fe649b8070170fa7ebd2) Importer(815301076,1909f56bfc062723c751e8b465ee728b)  -> (artifact id: 'ae9a5ee6f8913178945311321462f459') in 0.035134 seconds 
========================================================================
Received Import Request.
  Time since last request: 0.000449 seconds.
  path: Assets/Stylized Environnement - Free Pack/Materials/rock_M.mat
  artifactKey: Guid(e81576c6e7f7f412abbdd3d7250398f1) Importer(815301076,1909f56bfc062723c751e8b465ee728b)
Start importing Assets/Stylized Environnement - Free Pack/Materials/rock_M.mat using Guid(e81576c6e7f7f412abbdd3d7250398f1) Importer(815301076,1909f56bfc062723c751e8b465ee728b)  -> (artifact id: '01d2f5aa9dd13fe215c17ac8b734943e') in 0.069834 seconds 
========================================================================
Received Import Request.
  Time since last request: 0.000401 seconds.
  path: Assets/Stylized Environnement - Free Pack/Textures/terrain_grass/grass_M.mat
  artifactKey: Guid(8f485572a85b3452ab0943d2419b40f2) Importer(815301076,1909f56bfc062723c751e8b465ee728b)
Start importing Assets/Stylized Environnement - Free Pack/Textures/terrain_grass/grass_M.mat using Guid(8f485572a85b3452ab0943d2419b40f2) Importer(815301076,1909f56bfc062723c751e8b465ee728b)  -> (artifact id: 'a597340fd3fc4d54e40b1c7c4447fc04') in 0.387625 seconds 
========================================================================
Received Import Request.
  Time since last request: 0.000429 seconds.
  path: Assets/Stylized Environnement - Free Pack/Materials/grass_M.mat
  artifactKey: Guid(89fc86d151a0e41a7b2ced345d2fee6a) Importer(815301076,1909f56bfc062723c751e8b465ee728b)
Start importing Assets/Stylized Environnement - Free Pack/Materials/grass_M.mat using Guid(89fc86d151a0e41a7b2ced345d2fee6a) Importer(815301076,1909f56bfc062723c751e8b465ee728b)  -> (artifact id: '7384fb3cfc655bcf3f5c5581cf6b0b4b') in 0.361088 seconds 
========================================================================
Received Import Request.
  Time since last request: 0.000587 seconds.
  path: Packages/com.unity.searcher/Editor/Resources/FlatSkin/Font/Roboto-Black.ttf
  artifactKey: Guid(1062c701058745940ae5dca6219c64c8) Importer(815301076,1909f56bfc062723c751e8b465ee728b)
Start importing Packages/com.unity.searcher/Editor/Resources/FlatSkin/Font/Roboto-Black.ttf using Guid(1062c701058745940ae5dca6219c64c8) Importer(815301076,1909f56bfc062723c751e8b465ee728b)  -> (artifact id: 'ec3cccaf1993646039b8845355828446') in 0.042259 seconds 
========================================================================
Received Import Request.
  Time since last request: 0.000427 seconds.
  path: Assets/Stylized Environnement - Free Pack/Materials/trunk_M.mat
  artifactKey: Guid(353a4fe466f094c45933763a7dee1095) Importer(815301076,1909f56bfc062723c751e8b465ee728b)
Start importing Assets/Stylized Environnement - Free Pack/Materials/trunk_M.mat using Guid(353a4fe466f094c45933763a7dee1095) Importer(815301076,1909f56bfc062723c751e8b465ee728b)  -> (artifact id: '3087ec97e862dc0a2548be7ac134752d') in 0.085969 seconds 
========================================================================
Received Import Request.
  Time since last request: 0.000318 seconds.
  path: Assets/Stylized Environnement - Free Pack/Textures/Rocks/rock_02_M.mat
  artifactKey: Guid(c16fbb03e2971413d95bf829c750945b) Importer(815301076,1909f56bfc062723c751e8b465ee728b)
Start importing Assets/Stylized Environnement - Free Pack/Textures/Rocks/rock_02_M.mat using Guid(c16fbb03e2971413d95bf829c750945b) Importer(815301076,1909f56bfc062723c751e8b465ee728b)  -> (artifact id: '718fdbb5e4b475f3796a26276cb8ed5d') in 0.070659 seconds 
========================================================================
Received Import Request.
  Time since last request: 0.000353 seconds.
  path: Assets/Stylized Environnement - Free Pack/Textures/terrain_ground/ground_M.mat
  artifactKey: Guid(dc4c26d7a6d1744359080c1126d76643) Importer(815301076,1909f56bfc062723c751e8b465ee728b)
Start importing Assets/Stylized Environnement - Free Pack/Textures/terrain_ground/ground_M.mat using Guid(dc4c26d7a6d1744359080c1126d76643) Importer(815301076,1909f56bfc062723c751e8b465ee728b)  -> (artifact id: '27a5068473dfb26a95cbf380172eb650') in 0.042112 seconds 
========================================================================
Received Import Request.
  Time since last request: 0.000295 seconds.
  path: Packages/com.unity.render-pipelines.universal/Runtime/Materials/Lit.mat
  artifactKey: Guid(31321ba15b8f8eb4c954353edc038b1d) Importer(815301076,1909f56bfc062723c751e8b465ee728b)
Start importing Packages/com.unity.render-pipelines.universal/Runtime/Materials/Lit.mat using Guid(31321ba15b8f8eb4c954353edc038b1d) Importer(815301076,1909f56bfc062723c751e8b465ee728b)  -> (artifact id: '3751782591d834337a27ffbde05ea44d') in 0.032569 seconds 
========================================================================
Received Import Request.
  Time since last request: 0.000334 seconds.
  path: Packages/com.unity.searcher/Editor/Resources/FlatSkin/Font/Roboto-Medium.ttf
  artifactKey: Guid(a51a3aebb43ac044989270407476b208) Importer(815301076,1909f56bfc062723c751e8b465ee728b)
Start importing Packages/com.unity.searcher/Editor/Resources/FlatSkin/Font/Roboto-Medium.ttf using Guid(a51a3aebb43ac044989270407476b208) Importer(815301076,1909f56bfc062723c751e8b465ee728b)  -> (artifact id: '7d9e7c0f89cbf321815769bcf79894f8') in 0.035405 seconds 
========================================================================
Received Import Request.
  Time since last request: 0.000343 seconds.
  path: Packages/com.unity.render-pipelines.core/Runtime/Debugging/Prefabs/Fonts/Perfect DOS VGA 437.ttf
  artifactKey: Guid(74a5091d8707f334b9a5c31ef71a64ba) Importer(815301076,1909f56bfc062723c751e8b465ee728b)
Start importing Packages/com.unity.render-pipelines.core/Runtime/Debugging/Prefabs/Fonts/Perfect DOS VGA 437.ttf using Guid(74a5091d8707f334b9a5c31ef71a64ba) Importer(815301076,1909f56bfc062723c751e8b465ee728b)  -> (artifact id: '6047c40f6cb9e84f52c1f5af13319c9f') in 0.038149 seconds 
========================================================================
Received Import Request.
  Time since last request: 0.000363 seconds.
  path: Packages/com.unity.searcher/Editor/Resources/FlatSkin/Font/Roboto-Light.ttf
  artifactKey: Guid(2a29e27936eb547458f646f71125b264) Importer(815301076,1909f56bfc062723c751e8b465ee728b)
Start importing Packages/com.unity.searcher/Editor/Resources/FlatSkin/Font/Roboto-Light.ttf using Guid(2a29e27936eb547458f646f71125b264) Importer(815301076,1909f56bfc062723c751e8b465ee728b)  -> (artifact id: '4342a742f45d3111e884cf6f10c29508') in 0.036535 seconds 
========================================================================
Received Import Request.
  Time since last request: 0.000425 seconds.
  path: Packages/com.unity.searcher/Editor/Resources/FlatSkin/Font/Roboto-LightItalic.ttf
  artifactKey: Guid(5e63515167650a541b309ba3bfd4db3d) Importer(815301076,1909f56bfc062723c751e8b465ee728b)
Start importing Packages/com.unity.searcher/Editor/Resources/FlatSkin/Font/Roboto-LightItalic.ttf using Guid(5e63515167650a541b309ba3bfd4db3d) Importer(815301076,1909f56bfc062723c751e8b465ee728b)  -> (artifact id: '388e9c1de56a5e8f7951a8481d723b15') in 0.036936 seconds 
========================================================================
Received Import Request.
  Time since last request: 42.383067 seconds.
  path: Assets/Aj@Swimming To Edge.fbx
  artifactKey: Guid(28f91d0720de466418d7d28728fb561c) Importer(815301076,1909f56bfc062723c751e8b465ee728b)
Start importing Assets/Aj@Swimming To Edge.fbx using Guid(28f91d0720de466418d7d28728fb561c) Importer(815301076,1909f56bfc062723c751e8b465ee728b)  -> (artifact id: '78a3a3d3f7c1c3ebc54572cebec390e7') in 0.108218 seconds 
========================================================================
Received Import Request.
  Time since last request: 36.120313 seconds.
  path: Assets/Aj@Swimming To Edge.fbx
  artifactKey: Guid(28f91d0720de466418d7d28728fb561c) Importer(815301076,1909f56bfc062723c751e8b465ee728b)
Start importing Assets/Aj@Swimming To Edge.fbx using Guid(28f91d0720de466418d7d28728fb561c) Importer(815301076,1909f56bfc062723c751e8b465ee728b)  -> (artifact id: '2649136d3d2edb86f1a580de66a3a92f') in 0.110809 seconds 
========================================================================
Received Import Request.
  Time since last request: 19.970733 seconds.
  path: Assets/Swimming.controller
  artifactKey: Guid(2e620cfe998df994c824803ade565294) Importer(815301076,1909f56bfc062723c751e8b465ee728b)
Start importing Assets/Swimming.controller using Guid(2e620cfe998df994c824803ade565294) Importer(815301076,1909f56bfc062723c751e8b465ee728b)  -> (artifact id: '59bc388807af462c2d31009210516b44') in 0.019565 seconds 
========================================================================
Received Import Request.
  Time since last request: 424.276511 seconds.
  path: Assets/Swimming.controller
  artifactKey: Guid(2e620cfe998df994c824803ade565294) Importer(815301076,1909f56bfc062723c751e8b465ee728b)
Start importing Assets/Swimming.controller using Guid(2e620cfe998df994c824803ade565294) Importer(815301076,1909f56bfc062723c751e8b465ee728b)  -> (artifact id: '87f64b5dbefa56771707dabc87a18deb') in 0.006340 seconds 
========================================================================
Received Import Request.
  Time since last request: 82.123898 seconds.
  path: Assets/Aj@Swimming To Edge.fbx
  artifactKey: Guid(28f91d0720de466418d7d28728fb561c) Importer(815301076,1909f56bfc062723c751e8b465ee728b)
Start importing Assets/Aj@Swimming To Edge.fbx using Guid(28f91d0720de466418d7d28728fb561c) Importer(815301076,1909f56bfc062723c751e8b465ee728b)  -> (artifact id: '4ce7031152589270652da453decf2dba') in 0.191614 seconds 
========================================================================
Received Import Request.
  Time since last request: 3.190947 seconds.
  path: Assets/Aj@Swimming To Edge.fbx
  artifactKey: Guid(28f91d0720de466418d7d28728fb561c) Importer(815301076,1909f56bfc062723c751e8b465ee728b)
Start importing Assets/Aj@Swimming To Edge.fbx using Guid(28f91d0720de466418d7d28728fb561c) Importer(815301076,1909f56bfc062723c751e8b465ee728b)  -> (artifact id: '952e4c3b6e6cb8c26deaf558468a4054') in 0.140580 seconds 
========================================================================
Received Prepare
Registering precompiled user dll's ...
Registered in 0.027372 seconds.
Begin MonoManager ReloadAssembly
Native extension for WindowsStandalone target not found
Refreshing native plugins compatible for Editor in 0.80 ms, found 2 plugins.
Preloading 0 native plugins for Editor in 0.00 ms.
Mono: successfully reloaded assembly
- Completed reload, in  1.833 seconds
Domain Reload Profiling:
	ReloadAssembly (1834ms)
		BeginReloadAssembly (271ms)
			ExecutionOrderSort (0ms)
			DisableScriptedObjects (13ms)
			BackupInstance (0ms)
			ReleaseScriptingObjects (0ms)
			CreateAndSetChildDomain (130ms)
		EndReloadAssembly (1473ms)
			LoadAssemblies (173ms)
			RebuildTransferFunctionScriptingTraits (0ms)
			SetupTypeCache (506ms)
			ReleaseScriptCaches (2ms)
			RebuildScriptCaches (74ms)
			SetupLoadedEditorAssemblies (504ms)
				LogAssemblyErrors (0ms)
				InitializePlatformSupportModulesInManaged (6ms)
				SetLoadedEditorAssemblies (1ms)
				RefreshPlugins (1ms)
				BeforeProcessingInitializeOnLoad (114ms)
				ProcessInitializeOnLoadAttributes (353ms)
				ProcessInitializeOnLoadMethodAttributes (21ms)
				AfterProcessingInitializeOnLoad (8ms)
				EditorAssembliesLoaded (0ms)
			ExecutionOrderSort2 (0ms)
			AwakeInstancesAfterBackupRestoration (18ms)
Platform modules already initialized, skipping
Refreshing native plugins compatible for Editor in 1.15 ms, found 2 plugins.
Preloading 0 native plugins for Editor in 0.00 ms.
Unloading 2833 Unused Serialized files (Serialized files now loaded: 0)
System memory in use before: 150.9 MB.
System memory in use after: 151.1 MB.

Unloading 13 unused Assets to reduce memory usage. Loaded Objects now: 3534.
Total: 6.255300 ms (FindLiveObjects: 0.352500 ms CreateObjectMapping: 0.235800 ms MarkObjects: 5.545700 ms  DeleteObjects: 0.119500 ms)

AssetImportParameters requested are different than current active one (requested -> active):
  custom:framework-win-MediaFoundation: 216162199b28c13a410421893ffa2e32 -> 
  custom:video-decoder-ogg-theora: a1e56fd34408186e4bbccfd4996cb3dc -> 
  custom:container-muxer-webm: aa71ff27fc2769a1b78a27578f13a17b -> 
  custom:container-demuxer-webm: 4f35f7cbe854078d1ac9338744f61a02 -> 
  custom:container-demuxer-ogg: 62fdf1f143b41e24485cea50d1cbac27 -> 
  custom:video-encoder-webm-vp8: eb34c28f22e8b96e1ab97ce403110664 -> 
  custom:video-codec-MediaFoundation-h265: 746d11721c4dcdbdad8f713fa42b33f4 -> 
  custom:video-decoder-webm-vp8: 9c59270c3fd7afecdb556c50c9e8de78 -> 
  custom:audio-decoder-ogg-vorbis: bf7c407c2cedff20999df2af8eb42d56 -> 
  custom:audio-encoder-webm-vorbis: bf7c407c2cedff20999df2af8eb42d56 -> 
========================================================================
Received Import Request.
  Time since last request: 315.025131 seconds.
  path: Assets/Swimming.controller
  artifactKey: Guid(2e620cfe998df994c824803ade565294) Importer(815301076,1909f56bfc062723c751e8b465ee728b)
Start importing Assets/Swimming.controller using Guid(2e620cfe998df994c824803ade565294) Importer(815301076,1909f56bfc062723c751e8b465ee728b)  -> (artifact id: 'c1c7258acf285dc0c9514c04c999adec') in 0.045551 seconds 
========================================================================
Received Prepare
Registering precompiled user dll's ...
Registered in 0.005364 seconds.
Begin MonoManager ReloadAssembly
Native extension for WindowsStandalone target not found
Refreshing native plugins compatible for Editor in 1.36 ms, found 2 plugins.
Preloading 0 native plugins for Editor in 0.00 ms.
Mono: successfully reloaded assembly
- Completed reload, in  1.985 seconds
Domain Reload Profiling:
	ReloadAssembly (1986ms)
		BeginReloadAssembly (273ms)
			ExecutionOrderSort (0ms)
			DisableScriptedObjects (16ms)
			BackupInstance (0ms)
			ReleaseScriptingObjects (0ms)
			CreateAndSetChildDomain (89ms)
		EndReloadAssembly (1568ms)
			LoadAssemblies (227ms)
			RebuildTransferFunctionScriptingTraits (0ms)
			SetupTypeCache (585ms)
			ReleaseScriptCaches (2ms)
			RebuildScriptCaches (76ms)
			SetupLoadedEditorAssemblies (497ms)
				LogAssemblyErrors (0ms)
				InitializePlatformSupportModulesInManaged (6ms)
				SetLoadedEditorAssemblies (1ms)
				RefreshPlugins (2ms)
				BeforeProcessingInitializeOnLoad (117ms)
				ProcessInitializeOnLoadAttributes (337ms)
				ProcessInitializeOnLoadMethodAttributes (24ms)
				AfterProcessingInitializeOnLoad (9ms)
				EditorAssembliesLoaded (0ms)
			ExecutionOrderSort2 (0ms)
			AwakeInstancesAfterBackupRestoration (25ms)
Platform modules already initialized, skipping
Refreshing native plugins compatible for Editor in 0.81 ms, found 2 plugins.
Preloading 0 native plugins for Editor in 0.00 ms.
Unloading 2833 Unused Serialized files (Serialized files now loaded: 0)
System memory in use before: 150.9 MB.
System memory in use after: 151.1 MB.

Unloading 13 unused Assets to reduce memory usage. Loaded Objects now: 3537.
Total: 5.586000 ms (FindLiveObjects: 0.439700 ms CreateObjectMapping: 0.266700 ms MarkObjects: 4.755200 ms  DeleteObjects: 0.122500 ms)

AssetImportParameters requested are different than current active one (requested -> active):
  custom:framework-win-MediaFoundation: 216162199b28c13a410421893ffa2e32 -> 
  custom:video-decoder-ogg-theora: a1e56fd34408186e4bbccfd4996cb3dc -> 
  custom:container-muxer-webm: aa71ff27fc2769a1b78a27578f13a17b -> 
  custom:container-demuxer-webm: 4f35f7cbe854078d1ac9338744f61a02 -> 
  custom:container-demuxer-ogg: 62fdf1f143b41e24485cea50d1cbac27 -> 
  custom:video-encoder-webm-vp8: eb34c28f22e8b96e1ab97ce403110664 -> 
  custom:video-codec-MediaFoundation-h265: 746d11721c4dcdbdad8f713fa42b33f4 -> 
  custom:video-decoder-webm-vp8: 9c59270c3fd7afecdb556c50c9e8de78 -> 
  custom:audio-decoder-ogg-vorbis: bf7c407c2cedff20999df2af8eb42d56 -> 
  custom:audio-encoder-webm-vorbis: bf7c407c2cedff20999df2af8eb42d56 -> 
========================================================================
Received Prepare
Registering precompiled user dll's ...
Registered in 0.003784 seconds.
Begin MonoManager ReloadAssembly
Native extension for WindowsStandalone target not found
Refreshing native plugins compatible for Editor in 0.97 ms, found 2 plugins.
Preloading 0 native plugins for Editor in 0.00 ms.
Mono: successfully reloaded assembly
- Completed reload, in  1.634 seconds
Domain Reload Profiling:
	ReloadAssembly (1635ms)
		BeginReloadAssembly (165ms)
			ExecutionOrderSort (0ms)
			DisableScriptedObjects (7ms)
			BackupInstance (0ms)
			ReleaseScriptingObjects (0ms)
			CreateAndSetChildDomain (46ms)
		EndReloadAssembly (1308ms)
			LoadAssemblies (177ms)
			RebuildTransferFunctionScriptingTraits (0ms)
			SetupTypeCache (477ms)
			ReleaseScriptCaches (2ms)
			RebuildScriptCaches (57ms)
			SetupLoadedEditorAssemblies (427ms)
				LogAssemblyErrors (0ms)
				InitializePlatformSupportModulesInManaged (6ms)
				SetLoadedEditorAssemblies (1ms)
				RefreshPlugins (1ms)
				BeforeProcessingInitializeOnLoad (90ms)
				ProcessInitializeOnLoadAttributes (301ms)
				ProcessInitializeOnLoadMethodAttributes (22ms)
				AfterProcessingInitializeOnLoad (6ms)
				EditorAssembliesLoaded (0ms)
			ExecutionOrderSort2 (0ms)
			AwakeInstancesAfterBackupRestoration (20ms)
Platform modules already initialized, skipping
Refreshing native plugins compatible for Editor in 0.78 ms, found 2 plugins.
Preloading 0 native plugins for Editor in 0.00 ms.
Unloading 2833 Unused Serialized files (Serialized files now loaded: 0)
System memory in use before: 150.9 MB.
System memory in use after: 151.1 MB.

Unloading 13 unused Assets to reduce memory usage. Loaded Objects now: 3540.
Total: 5.222800 ms (FindLiveObjects: 0.371100 ms CreateObjectMapping: 0.232500 ms MarkObjects: 4.421700 ms  DeleteObjects: 0.195600 ms)

AssetImportParameters requested are different than current active one (requested -> active):
  custom:framework-win-MediaFoundation: 216162199b28c13a410421893ffa2e32 -> 
  custom:video-decoder-ogg-theora: a1e56fd34408186e4bbccfd4996cb3dc -> 
  custom:container-muxer-webm: aa71ff27fc2769a1b78a27578f13a17b -> 
  custom:container-demuxer-webm: 4f35f7cbe854078d1ac9338744f61a02 -> 
  custom:container-demuxer-ogg: 62fdf1f143b41e24485cea50d1cbac27 -> 
  custom:video-encoder-webm-vp8: eb34c28f22e8b96e1ab97ce403110664 -> 
  custom:video-codec-MediaFoundation-h265: 746d11721c4dcdbdad8f713fa42b33f4 -> 
  custom:video-decoder-webm-vp8: 9c59270c3fd7afecdb556c50c9e8de78 -> 
  custom:audio-decoder-ogg-vorbis: bf7c407c2cedff20999df2af8eb42d56 -> 
  custom:audio-encoder-webm-vorbis: bf7c407c2cedff20999df2af8eb42d56 -> 
AssetImportWorkerClient::OnTransportError - code=2 error=End of file
